Using pre-set license
Built from '2020.3/staging' branch; Version is '2020.3.14f1 (d0d1bb862f9d) revision 13685179'; Using compiler version '192528614'; Build Type 'Release'
OS: 'Windows 10 Education; OS build 19042.1288; Version 2009; 64bit' Language: 'en' Physical Memory: 16180 MB
BatchMode: 1, IsHumanControllingUs: 0, StartBugReporterOnCrash: 0, Is64bit: 1, IsPro: 0

 COMMAND LINE ARGUMENTS:
C:\Program Files\Unity\Editor\Unity.exe
-adb2
-batchMode
-noUpm
-name
AssetImportWorker0
-projectPath
C:/Users/W0434838/OneDrive - Nova Scotia Community College/MaterialsChallenge
-logFile
Logs/AssetImportWorker0.log
-srvPort
57159
Successfully changed project path to: C:/Users/W0434838/OneDrive - Nova Scotia Community College/MaterialsChallenge
C:/Users/W0434838/OneDrive - Nova Scotia Community College/MaterialsChallenge
Using Asset Import Pipeline V2.
Refreshing native plugins compatible for Editor in 25.66 ms, found 2 plugins.
Preloading 0 native plugins for Editor in 0.00 ms.
Initialize engine version: 2020.3.14f1 (d0d1bb862f9d)
[Subsystems] Discovering subsystems at path C:/Program Files/Unity/Editor/Data/Resources/UnitySubsystems
[Subsystems] Discovering subsystems at path C:/Users/W0434838/OneDrive - Nova Scotia Community College/MaterialsChallenge/Assets
GfxDevice: creating device client; threaded=0
Direct3D:
    Version:  Direct3D 11.0 [level 11.0]
    Renderer: NVIDIA Quadro K2200 (ID=0x13ba)
    Vendor:   
    VRAM:     4053 MB
    Driver:   27.21.14.6192
Initialize mono
Mono path[0] = 'C:/Program Files/Unity/Editor/Data/Managed'
Mono path[1] = 'C:/Program Files/Unity/Editor/Data/MonoBleedingEdge/lib/mono/unityjit'
Mono config path = 'C:/Program Files/Unity/Editor/Data/MonoBleedingEdge/etc'
Using monoOptions --debugger-agent=transport=dt_socket,embedding=1,server=y,suspend=n,address=127.0.0.1:56728
Begin MonoManager ReloadAssembly
Registering precompiled unity dll's ...
Register platform support module: C:/Program Files/Unity/Editor/Data/PlaybackEngines/WindowsStandaloneSupport/UnityEditor.WindowsStandalone.Extensions.dll
Registered in 0.001937 seconds.
Native extension for WindowsStandalone target not found
Refreshing native plugins compatible for Editor in 23.55 ms, found 2 plugins.
Preloading 0 native plugins for Editor in 0.00 ms.
Mono: successfully reloaded assembly
- Completed reload, in  1.010 seconds
Domain Reload Profiling:
	ReloadAssembly (1010ms)
		BeginReloadAssembly (54ms)
			ExecutionOrderSort (0ms)
			DisableScriptedObjects (0ms)
			BackupInstance (0ms)
			ReleaseScriptingObjects (0ms)
			CreateAndSetChildDomain (1ms)
		EndReloadAssembly (380ms)
			LoadAssemblies (52ms)
			RebuildTransferFunctionScriptingTraits (0ms)
			SetupTypeCache (142ms)
			ReleaseScriptCaches (0ms)
			RebuildScriptCaches (30ms)
			SetupLoadedEditorAssemblies (143ms)
				LogAssemblyErrors (0ms)
				InitializePlatformSupportModulesInManaged (4ms)
				SetLoadedEditorAssemblies (0ms)
				RefreshPlugins (24ms)
				BeforeProcessingInitializeOnLoad (13ms)
				ProcessInitializeOnLoadAttributes (75ms)
				ProcessInitializeOnLoadMethodAttributes (28ms)
				AfterProcessingInitializeOnLoad (0ms)
				EditorAssembliesLoaded (0ms)
			ExecutionOrderSort2 (0ms)
			AwakeInstancesAfterBackupRestoration (0ms)
Platform modules already initialized, skipping
Registering precompiled user dll's ...
Registered in 0.004200 seconds.
Begin MonoManager ReloadAssembly
Native extension for WindowsStandalone target not found
Refreshing native plugins compatible for Editor in 0.31 ms, found 2 plugins.
Preloading 0 native plugins for Editor in 0.00 ms.
Mono: successfully reloaded assembly
- Completed reload, in  0.921 seconds
Domain Reload Profiling:
	ReloadAssembly (921ms)
		BeginReloadAssembly (134ms)
			ExecutionOrderSort (0ms)
			DisableScriptedObjects (4ms)
			BackupInstance (0ms)
			ReleaseScriptingObjects (0ms)
			CreateAndSetChildDomain (17ms)
		EndReloadAssembly (726ms)
			LoadAssemblies (78ms)
			RebuildTransferFunctionScriptingTraits (0ms)
			SetupTypeCache (244ms)
			ReleaseScriptCaches (0ms)
			RebuildScriptCaches (37ms)
			SetupLoadedEditorAssemblies (281ms)
				LogAssemblyErrors (0ms)
				InitializePlatformSupportModulesInManaged (4ms)
				SetLoadedEditorAssemblies (0ms)
				RefreshPlugins (0ms)
				BeforeProcessingInitializeOnLoad (81ms)
				ProcessInitializeOnLoadAttributes (184ms)
				ProcessInitializeOnLoadMethodAttributes (5ms)
				AfterProcessingInitializeOnLoad (6ms)
				EditorAssembliesLoaded (0ms)
			ExecutionOrderSort2 (0ms)
			AwakeInstancesAfterBackupRestoration (6ms)
Platform modules already initialized, skipping
========================================================================
Worker process is ready to serve import requests
Launched and connected shader compiler UnityShaderCompiler.exe after 0.04 seconds
Refreshing native plugins compatible for Editor in 0.28 ms, found 2 plugins.
Preloading 0 native plugins for Editor in 0.00 ms.
Unloading 1390 Unused Serialized files (Serialized files now loaded: 0)
System memory in use before: 65.2 MB.
System memory in use after: 65.2 MB.

Unloading 19 unused Assets to reduce memory usage. Loaded Objects now: 1823.
Total: 2.101500 ms (FindLiveObjects: 0.137600 ms CreateObjectMapping: 0.040300 ms MarkObjects: 1.848300 ms  DeleteObjects: 0.074300 ms)

AssetImportParameters requested are different than current active one (requested -> active):
  custom:framework-win-MediaFoundation: 216162199b28c13a410421893ffa2e32 -> 
  custom:video-decoder-ogg-theora: a1e56fd34408186e4bbccfd4996cb3dc -> 
  custom:container-muxer-webm: aa71ff27fc2769a1b78a27578f13a17b -> 
  custom:container-demuxer-webm: 4f35f7cbe854078d1ac9338744f61a02 -> 
  custom:container-demuxer-ogg: 62fdf1f143b41e24485cea50d1cbac27 -> 
  custom:video-encoder-webm-vp8: eb34c28f22e8b96e1ab97ce403110664 -> 
  custom:video-decoder-webm-vp8: 9c59270c3fd7afecdb556c50c9e8de78 -> 
  custom:audio-decoder-ogg-vorbis: bf7c407c2cedff20999df2af8eb42d56 -> 
  custom:audio-encoder-webm-vorbis: bf7c407c2cedff20999df2af8eb42d56 -> 
========================================================================
Received Import Request.
  path: Assets/Scenes
  artifactKey: Guid(b4e630600d5b94c4a84f5a3803578d1d) Importer(815301076,1909f56bfc062723c751e8b465ee728b)
Start importing Assets/Scenes using Guid(b4e630600d5b94c4a84f5a3803578d1d) Importer(815301076,1909f56bfc062723c751e8b465ee728b)  -> (artifact id: '0270a8e346ac59e7f0510a766f379b1a') in 0.008491 seconds 
  Import took 0.010499 seconds .

========================================================================
Received Import Request.
  Time since last request: 34.276171 seconds.
  path: Assets/Scenes/Materials.unity
  artifactKey: Guid(412293a5d34e27544a42bd6210d6f5ea) Importer(815301076,1909f56bfc062723c751e8b465ee728b)
Start importing Assets/Scenes/Materials.unity using Guid(412293a5d34e27544a42bd6210d6f5ea) Importer(815301076,1909f56bfc062723c751e8b465ee728b)  -> (artifact id: 'f351e39dd41449a0b7f1fa562800fda7') in 0.017539 seconds 
  Import took 0.019627 seconds .

========================================================================
Received Import Request.
  Time since last request: 55.521898 seconds.
  path: Assets/Scenes/Ground.mat
  artifactKey: Guid(0bd99ae1ba6863444bd20cc513d096c3) Importer(815301076,1909f56bfc062723c751e8b465ee728b)
Start importing Assets/Scenes/Ground.mat using Guid(0bd99ae1ba6863444bd20cc513d096c3) Importer(815301076,1909f56bfc062723c751e8b465ee728b)  -> (artifact id: '9bab9e55e47e82b58bcb96657d6a9e79') in 0.106769 seconds 
  Import took 0.109061 seconds .

========================================================================
Received Import Request.
  Time since last request: 121.928291 seconds.
  path: Assets/GroundDirtRocky002_COL_4K.jpg
  artifactKey: Guid(b82f94110c20dbb468cda0217a58394e) Importer(815301076,1909f56bfc062723c751e8b465ee728b)
Start importing Assets/GroundDirtRocky002_COL_4K.jpg using Guid(b82f94110c20dbb468cda0217a58394e) Importer(815301076,1909f56bfc062723c751e8b465ee728b)  -> (artifact id: 'd867f93cd9056ff10c4ba1f547ca6aec') in 0.065953 seconds 
  Import took 0.068778 seconds .

========================================================================
Received Import Request.
  Time since last request: 0.005804 seconds.
  path: Assets/GroundDirtRocky002_COL_4K.jpg
  artifactKey: Guid(b82f94110c20dbb468cda0217a58394e) Importer(815301076,1909f56bfc062723c751e8b465ee728b)
Start importing Assets/GroundDirtRocky002_COL_4K.jpg using Guid(b82f94110c20dbb468cda0217a58394e) Importer(815301076,1909f56bfc062723c751e8b465ee728b)  -> (artifact id: 'd867f93cd9056ff10c4ba1f547ca6aec') in 0.016809 seconds 
  Import took 0.019849 seconds .

========================================================================
Received Import Request.
  Time since last request: 70.532102 seconds.
  path: Assets/GroundDirtRocky002_NRM_4K.jpg
  artifactKey: Guid(20c20b2fec8449e4ca33ce159da629a6) Importer(815301076,1909f56bfc062723c751e8b465ee728b)
Start importing Assets/GroundDirtRocky002_NRM_4K.jpg using Guid(20c20b2fec8449e4ca33ce159da629a6) Importer(815301076,1909f56bfc062723c751e8b465ee728b)  -> (artifact id: 'e9c5bf05a89aa47fb5f5ccf7451b2514') in 0.021001 seconds 
  Import took 0.023414 seconds .

========================================================================
Received Import Request.
  Time since last request: 245.330945 seconds.
  path: Assets/Scenes/New Material.mat
  artifactKey: Guid(171b5ecba39c59247bae964b6ef5465e) Importer(815301076,1909f56bfc062723c751e8b465ee728b)
Start importing Assets/Scenes/New Material.mat using Guid(171b5ecba39c59247bae964b6ef5465e) Importer(815301076,1909f56bfc062723c751e8b465ee728b)  -> (artifact id: 'f2846a187478ad2c36f057a1c5b46144') in 0.020682 seconds 
  Import took 0.023127 seconds .

========================================================================
Received Import Request.
  Time since last request: 6.287462 seconds.
  path: Assets/Scenes/New Material 1.mat
  artifactKey: Guid(4c09956072b6c0d41a9db7782f4c9c6c) Importer(815301076,1909f56bfc062723c751e8b465ee728b)
Start importing Assets/Scenes/New Material 1.mat using Guid(4c09956072b6c0d41a9db7782f4c9c6c) Importer(815301076,1909f56bfc062723c751e8b465ee728b)  -> (artifact id: '43e6fa5efd2eb2c1b0bcf56ae0723635') in 0.029353 seconds 
  Import took 0.031917 seconds .

========================================================================
Received Import Request.
  Time since last request: 356.732786 seconds.
  path: Assets/Scenes/Ground.mat
  artifactKey: Guid(0bd99ae1ba6863444bd20cc513d096c3) Importer(815301076,1909f56bfc062723c751e8b465ee728b)
Start importing Assets/Scenes/Ground.mat using Guid(0bd99ae1ba6863444bd20cc513d096c3) Importer(815301076,1909f56bfc062723c751e8b465ee728b)  -> (artifact id: 'd177d06f9753250172a68e30fda1e68e') in 0.046939 seconds 
  Import took 0.049924 seconds .

========================================================================
Received Import Request.
  Time since last request: 0.000327 seconds.
  path: Assets/Scenes/New Material 1.mat
  artifactKey: Guid(4c09956072b6c0d41a9db7782f4c9c6c) Importer(815301076,1909f56bfc062723c751e8b465ee728b)
Start importing Assets/Scenes/New Material 1.mat using Guid(4c09956072b6c0d41a9db7782f4c9c6c) Importer(815301076,1909f56bfc062723c751e8b465ee728b)  -> (artifact id: '06453c4d825ad4e6320330de7d4b816d') in 0.017394 seconds 
  Import took 0.020996 seconds .

========================================================================
Received Import Request.
  Time since last request: 0.000160 seconds.
  path: Assets/Scenes/New Material.mat
  artifactKey: Guid(171b5ecba39c59247bae964b6ef5465e) Importer(815301076,1909f56bfc062723c751e8b465ee728b)
Start importing Assets/Scenes/New Material.mat using Guid(171b5ecba39c59247bae964b6ef5465e) Importer(815301076,1909f56bfc062723c751e8b465ee728b)  -> (artifact id: 'b44a890d3cee82168a597c20ea2075b9') in 0.014780 seconds 
  Import took 0.017496 seconds .

AssetImportWorkerClient::OnTransportError - code=2 error=End of file
